<?xml version="1.0" encoding="UTF-8"?>
<!-- Generated by org.testng.reporters.JUnitReportReporter -->
<testsuite name="com.at.automation.test.GmailLoginTest" tests="1" time="15.805" ignored="0" failures="0" timestamp="22 апр 2017 20:34:08 GMT" skipped="0" hostname="DESKTOP-3ATB4GD" errors="0">
  <testcase name="testOne" time="15.805" classname="com.at.automation.test.GmailLoginTest"/>
</testsuite> <!-- com.at.automation.test.GmailLoginTest -->
